# JRE version: Java(TM) SE Runtime Environment (8.0_45-b14) (build 1.8.0_45-b14)
# Java VM: Java HotSpot(TM) 64-Bit Server VM (25.45-b02 mixed mode bsd-amd64 compressed oops)
Heap:
 PSYoungGen      total 196096K, used 52517K [0x00000007aab00000, 0x00000007b8800000, 0x00000007c0000000)
  eden space 176128K, 26% used [0x00000007aab00000,0x00000007ad906420,0x00000007b5700000)
  from space 19968K, 26% used [0x00000007b7480000,0x00000007b79c33c8,0x00000007b8800000)
  to   space 25088K, 0% used [0x00000007b5700000,0x00000007b5700000,0x00000007b6f80000)
 ParOldGen       total 136704K, used 72126K [0x0000000780000000, 0x0000000788580000, 0x00000007aab00000)
  object space 136704K, 52% used [0x0000000780000000,0x000000078466f938,0x0000000788580000)
 Metaspace       used 67063K, capacity 72560K, committed 72832K, reserved 1112064K
  class space    used 9262K, capacity 11024K, committed 11136K, reserved 1048576K
GC Heap History (10 events):
Event: 7305.520 GC heap before
{Heap before GC invocations=27 (full 5):
 PSYoungGen      total 163328K, used 162816K [0x00000007aab00000, 0x00000007b7000000, 0x00000007c0000000)
  eden space 160768K, 100% used [0x00000007aab00000,0x00000007b4800000,0x00000007b4800000)
  from space 2560K, 80% used [0x00000007b4e80000,0x00000007b5080020,0x00000007b5100000)
  to   space 20480K, 0% used [0x00000007b5c00000,0x00000007b5c00000,0x00000007b7000000)
 ParOldGen       total 72192K, used 49910K [0x0000000780000000, 0x0000000784680000, 0x00000007aab00000)
  object space 72192K, 69% used [0x0000000780000000,0x00000007830bd838,0x0000000784680000)
 Metaspace       used 61528K, capacity 65642K, committed 65920K, reserved 1105920K
  class space    used 8321K, capacity 9647K, committed 9856K, reserved 1048576K
Event: 7305.568 GC heap after
Heap after GC invocations=27 (full 5):
 PSYoungGen      total 180224K, used 15163K [0x00000007aab00000, 0x00000007b8580000, 0x00000007c0000000)
  eden space 159744K, 0% used [0x00000007aab00000,0x00000007aab00000,0x00000007b4700000)
  from space 20480K, 74% used [0x00000007b5c00000,0x00000007b6acee98,0x00000007b7000000)
  to   space 21504K, 0% used [0x00000007b4700000,0x00000007b4700000,0x00000007b5c00000)
 ParOldGen       total 72192K, used 49918K [0x0000000780000000, 0x0000000784680000, 0x00000007aab00000)
  object space 72192K, 69% used [0x0000000780000000,0x00000007830bf838,0x0000000784680000)
 Metaspace       used 61528K, capacity 65642K, committed 65920K, reserved 1105920K
  class space    used 8321K, capacity 9647K, committed 9856K, reserved 1048576K
}
Event: 7307.480 GC heap before
{Heap before GC invocations=28 (full 5):
 PSYoungGen      total 180224K, used 131921K [0x00000007aab00000, 0x00000007b8580000, 0x00000007c0000000)
  eden space 159744K, 73% used [0x00000007aab00000,0x00000007b1d05828,0x00000007b4700000)
  from space 20480K, 74% used [0x00000007b5c00000,0x00000007b6acee98,0x00000007b7000000)
  to   space 21504K, 0% used [0x00000007b4700000,0x00000007b4700000,0x00000007b5c00000)
 ParOldGen       total 72192K, used 49918K [0x0000000780000000, 0x0000000784680000, 0x00000007aab00000)
  object space 72192K, 69% used [0x0000000780000000,0x00000007830bf838,0x0000000784680000)
 Metaspace       used 64433K, capacity 69170K, committed 69376K, reserved 1107968K
  class space    used 8854K, capacity 10465K, committed 10496K, reserved 1048576K
Event: 7307.549 GC heap after
Heap after GC invocations=28 (full 5):
 PSYoungGen      total 181248K, used 21495K [0x00000007aab00000, 0x00000007b8d80000, 0x00000007c0000000)
  eden space 159744K, 0% used [0x00000007aab00000,0x00000007aab00000,0x00000007b4700000)
  from space 21504K, 99% used [0x00000007b4700000,0x00000007b5bfdd58,0x00000007b5c00000)
  to   space 25600K, 0% used [0x00000007b7480000,0x00000007b7480000,0x00000007b8d80000)
 ParOldGen       total 72192K, used 51217K [0x0000000780000000, 0x0000000784680000, 0x00000007aab00000)
  object space 72192K, 70% used [0x0000000780000000,0x0000000783204558,0x0000000784680000)
 Metaspace       used 64433K, capacity 69170K, committed 69376K, reserved 1107968K
  class space    used 8854K, capacity 10465K, committed 10496K, reserved 1048576K
}
Event: 7307.549 GC heap before
{Heap before GC invocations=29 (full 6):
 PSYoungGen      total 181248K, used 21495K [0x00000007aab00000, 0x00000007b8d80000, 0x00000007c0000000)
  eden space 159744K, 0% used [0x00000007aab00000,0x00000007aab00000,0x00000007b4700000)
  from space 21504K, 99% used [0x00000007b4700000,0x00000007b5bfdd58,0x00000007b5c00000)
  to   space 25600K, 0% used [0x00000007b7480000,0x00000007b7480000,0x00000007b8d80000)
 ParOldGen       total 72192K, used 51217K [0x0000000780000000, 0x0000000784680000, 0x00000007aab00000)
  object space 72192K, 70% used [0x0000000780000000,0x0000000783204558,0x0000000784680000)
 Metaspace       used 64433K, capacity 69170K, committed 69376K, reserved 1107968K
  class space    used 8854K, capacity 10465K, committed 10496K, reserved 1048576K
Event: 7308.455 GC heap after
Heap after GC invocations=29 (full 6):
 PSYoungGen      total 181248K, used 0K [0x00000007aab00000, 0x00000007b8d80000, 0x00000007c0000000)
  eden space 159744K, 0% used [0x00000007aab00000,0x00000007aab00000,0x00000007b4700000)
  from space 21504K, 0% used [0x00000007b4700000,0x00000007b4700000,0x00000007b5c00000)
  to   space 25600K, 0% used [0x00000007b7480000,0x00000007b7480000,0x00000007b8d80000)
 ParOldGen       total 72192K, used 69362K [0x0000000780000000, 0x0000000784680000, 0x00000007aab00000)
  object space 72192K, 96% used [0x0000000780000000,0x00000007843bcbd0,0x0000000784680000)
 Metaspace       used 64335K, capacity 68872K, committed 69376K, reserved 1107968K
  class space    used 8834K, capacity 10359K, committed 10496K, reserved 1048576K
}
Event: 7332.506 GC heap before
{Heap before GC invocations=30 (full 7):
 PSYoungGen      total 181248K, used 159744K [0x00000007aab00000, 0x00000007b8d80000, 0x00000007c0000000)
  eden space 159744K, 100% used [0x00000007aab00000,0x00000007b4700000,0x00000007b4700000)
  from space 21504K, 0% used [0x00000007b4700000,0x00000007b4700000,0x00000007b5c00000)
  to   space 25600K, 0% used [0x00000007b7480000,0x00000007b7480000,0x00000007b8d80000)
 ParOldGen       total 72192K, used 69362K [0x0000000780000000, 0x0000000784680000, 0x00000007aab00000)
  object space 72192K, 96% used [0x0000000780000000,0x00000007843bcbd0,0x0000000784680000)
 Metaspace       used 65577K, capacity 70520K, committed 70912K, reserved 1110016K
  class space    used 9033K, capacity 10634K, committed 10752K, reserved 1048576K
Event: 7333.029 GC heap after
Heap after GC invocations=30 (full 7):
 PSYoungGen      total 181248K, used 7549K [0x00000007aab00000, 0x00000007b8d80000, 0x00000007c0000000)
  eden space 159744K, 4% used [0x00000007aab00000,0x00000007ab25f770,0x00000007b4700000)
  from space 21504K, 0% used [0x00000007b4700000,0x00000007b4700000,0x00000007b5c00000)
  to   space 25600K, 0% used [0x00000007b7480000,0x00000007b7480000,0x00000007b8d80000)
 ParOldGen       total 136704K, used 72118K [0x0000000780000000, 0x0000000788580000, 0x00000007aab00000)
  object space 136704K, 52% used [0x0000000780000000,0x000000078466d938,0x0000000788580000)
 Metaspace       used 65544K, capacity 70406K, committed 70912K, reserved 1110016K
  class space    used 9025K, capacity 10600K, committed 10752K, reserved 1048576K
}
Event: 7906.900 GC heap before
{Heap before GC invocations=31 (full 7):
 PSYoungGen      total 181248K, used 159744K [0x00000007aab00000, 0x00000007b8d80000, 0x00000007c0000000)
  eden space 159744K, 100% used [0x00000007aab00000,0x00000007b4700000,0x00000007b4700000)
  from space 21504K, 0% used [0x00000007b4700000,0x00000007b4700000,0x00000007b5c00000)
  to   space 25600K, 0% used [0x00000007b7480000,0x00000007b7480000,0x00000007b8d80000)
 ParOldGen       total 136704K, used 72118K [0x0000000780000000, 0x0000000788580000, 0x00000007aab00000)
  object space 136704K, 52% used [0x0000000780000000,0x000000078466d938,0x0000000788580000)
 Metaspace       used 66941K, capacity 72244K, committed 72448K, reserved 1110016K
  class space    used 9241K, capacity 10941K, committed 11008K, reserved 1048576K
Event: 7906.937 GC heap after
Heap after GC invocations=31 (full 7):
 PSYoungGen      total 196096K, used 5388K [0x00000007aab00000, 0x00000007b8800000, 0x00000007c0000000)
  eden space 176128K, 0% used [0x00000007aab00000,0x00000007aab00000,0x00000007b5700000)
  from space 19968K, 26% used [0x00000007b7480000,0x00000007b79c33c8,0x00000007b8800000)
  to   space 25088K, 0% used [0x00000007b5700000,0x00000007b5700000,0x00000007b6f80000)
 ParOldGen       total 136704K, used 72126K [0x0000000780000000, 0x0000000788580000, 0x00000007aab00000)
  object space 136704K, 52% used [0x0000000780000000,0x000000078466f938,0x0000000788580000)
 Metaspace       used 66941K, capacity 72244K, committed 72448K, reserved 1110016K
  class space    used 9241K, capacity 10941K, committed 11008K, reserved 1048576K
}

